2023-08-06 03:35:51.159813 - Initialized conversion of CBT353
2023-08-06 03:35:52.212369 - Received CBT.V505.FILE353.PDS from FILE353.XMI 
2023-08-06 03:35:52.214717 - Found $$$#DATE.txt (text/plain) in CBT.V505.FILE353.PDS, moved to PDS/$$$#DATE
2023-08-06 03:35:52.215937 - Found $AMODE.txt (text/plain) in CBT.V505.FILE353.PDS, moved to PDS/$AMODE
2023-08-06 03:35:52.217039 - Found $INDEX.txt (text/plain) in CBT.V505.FILE353.PDS, moved to PDS/$INDEX
2023-08-06 03:35:52.217991 - Found @FILE353.txt (text/plain) in CBT.V505.FILE353.PDS, moved to PDS/@FILE353
2023-08-06 03:35:52.218957 - Found APPLDEF.txt (text/plain) in CBT.V505.FILE353.PDS, moved to PDS/APPLDEF
2023-08-06 03:35:52.219848 - Found APPLJOB.txt (text/plain) in CBT.V505.FILE353.PDS, moved to PDS/APPLJOB
2023-08-06 03:35:52.220827 - Found APPLMON.jcl (text/plain) in CBT.V505.FILE353.PDS, moved to PDS/APPLMON
2023-08-06 03:35:52.221854 - Found APPLMON$.txt (text/plain) in CBT.V505.FILE353.PDS, moved to PDS/APPLMON$
2023-08-06 03:35:52.222854 - Found APPLOGO.jcl (text/plain) in CBT.V505.FILE353.PDS, moved to PDS/APPLOGO
2023-08-06 03:35:52.223759 - Found APPLOPR.jcl (text/plain) in CBT.V505.FILE353.PDS, moved to PDS/APPLOPR
2023-08-06 03:35:52.224623 - Found APPLPGM.jcl (text/plain) in CBT.V505.FILE353.PDS, moved to PDS/APPLPGM
2023-08-06 03:35:52.225523 - Found APPLSAD.jcl (text/plain) in CBT.V505.FILE353.PDS, moved to PDS/APPLSAD
2023-08-06 03:35:52.226531 - Found APPLSPO.jcl (text/plain) in CBT.V505.FILE353.PDS, moved to PDS/APPLSPO
2023-08-06 03:35:52.227444 - Found APPLXIT.jcl (text/plain) in CBT.V505.FILE353.PDS, moved to PDS/APPLXIT
2023-08-06 03:35:52.228392 - Found CDF.jcl (text/plain) in CBT.V505.FILE353.PDS, moved to PDS/CDF
2023-08-06 03:35:52.229302 - Found CDF$.txt (text/plain) in CBT.V505.FILE353.PDS, moved to PDS/CDF$
2023-08-06 03:35:52.230254 - Found CDFDATAB.txt (text/plain) in CBT.V505.FILE353.PDS, moved to PDS/CDFDATAB
2023-08-06 03:35:52.231204 - Found CDFHELP.txt (text/plain) in CBT.V505.FILE353.PDS, moved to PDS/CDFHELP
2023-08-06 03:35:52.232136 - Found CDF00.txt (text/plain) in CBT.V505.FILE353.PDS, moved to PDS/CDF00
2023-08-06 03:35:52.233036 - Found CDF2H1.txt (text/plain) in CBT.V505.FILE353.PDS, moved to PDS/CDF2H1
2023-08-06 03:35:52.233981 - Found CDF2P1.txt (text/plain) in CBT.V505.FILE353.PDS, moved to PDS/CDF2P1
2023-08-06 03:35:52.234939 - Found CDF3P1.txt (text/plain) in CBT.V505.FILE353.PDS, moved to PDS/CDF3P1
2023-08-06 03:35:52.235859 - Found CVTCUSER.txt (text/plain) in CBT.V505.FILE353.PDS, moved to PDS/CVTCUSER
2023-08-06 03:35:52.236737 - Found CVTUSERB.txt (text/plain) in CBT.V505.FILE353.PDS, moved to PDS/CVTUSERB
2023-08-06 03:35:52.237683 - Found CVTUSERN.txt (text/plain) in CBT.V505.FILE353.PDS, moved to PDS/CVTUSERN
2023-08-06 03:35:52.238698 - Found CVTUSERO.txt (text/plain) in CBT.V505.FILE353.PDS, moved to PDS/CVTUSERO
2023-08-06 03:35:52.239597 - Found CVTUSERS.txt (text/plain) in CBT.V505.FILE353.PDS, moved to PDS/CVTUSERS
2023-08-06 03:35:52.240492 - Found DIF.jcl (text/plain) in CBT.V505.FILE353.PDS, moved to PDS/DIF
2023-08-06 03:35:52.241445 - Found DIFDATAB.txt (text/plain) in CBT.V505.FILE353.PDS, moved to PDS/DIFDATAB
2023-08-06 03:35:52.242340 - Found DIFHELP.txt (text/plain) in CBT.V505.FILE353.PDS, moved to PDS/DIFHELP
2023-08-06 03:35:52.243420 - Found ETPS.jcl (text/plain) in CBT.V505.FILE353.PDS, moved to PDS/ETPS
2023-08-06 03:35:52.244390 - Found ETPS$.txt (text/plain) in CBT.V505.FILE353.PDS, moved to PDS/ETPS$
2023-08-06 03:35:52.245404 - Found ETPSBRO3.jcl (text/plain) in CBT.V505.FILE353.PDS, moved to PDS/ETPSBRO3
2023-08-06 03:35:52.246377 - Found ETPSCOMP.jcl (text/plain) in CBT.V505.FILE353.PDS, moved to PDS/ETPSCOMP
2023-08-06 03:35:52.247354 - Found ETPSEDT3.jcl (text/plain) in CBT.V505.FILE353.PDS, moved to PDS/ETPSEDT3
2023-08-06 03:35:52.248248 - Found ETPSHELP.txt (text/plain) in CBT.V505.FILE353.PDS, moved to PDS/ETPSHELP
2023-08-06 03:35:52.249180 - Found ETPSIDC2.jcl (text/plain) in CBT.V505.FILE353.PDS, moved to PDS/ETPSIDC2
2023-08-06 03:35:52.250151 - Found ETPSMACS.txt (text/plain) in CBT.V505.FILE353.PDS, moved to PDS/ETPSMACS
2023-08-06 03:35:52.251094 - Found ETPSMEMC.jcl (text/plain) in CBT.V505.FILE353.PDS, moved to PDS/ETPSMEMC
2023-08-06 03:35:52.251951 - Found ETPSMNEW.txt (text/plain) in CBT.V505.FILE353.PDS, moved to PDS/ETPSMNEW
2023-08-06 03:35:52.252816 - Found ETPSTSO.jcl (text/plain) in CBT.V505.FILE353.PDS, moved to PDS/ETPSTSO
2023-08-06 03:35:52.253703 - Found IGC0023E.jcl (text/plain) in CBT.V505.FILE353.PDS, moved to PDS/IGC0023E
2023-08-06 03:35:52.254653 - Found IGC0023F.jcl (text/plain) in CBT.V505.FILE353.PDS, moved to PDS/IGC0023F
2023-08-06 03:35:52.255565 - Found IGC0024G.jcl (text/plain) in CBT.V505.FILE353.PDS, moved to PDS/IGC0024G
2023-08-06 03:35:52.256430 - Found ISP@PRIM.txt (text/plain) in CBT.V505.FILE353.PDS, moved to PDS/ISP@PRIM
2023-08-06 03:35:52.257458 - Found JDF.txt (text/plain) in CBT.V505.FILE353.PDS, moved to PDS/JDF
2023-08-06 03:35:52.258368 - Found JDF$.txt (text/plain) in CBT.V505.FILE353.PDS, moved to PDS/JDF$
2023-08-06 03:35:52.259340 - Found JDFBRHLP.txt (text/plain) in CBT.V505.FILE353.PDS, moved to PDS/JDFBRHLP
2023-08-06 03:35:52.260311 - Found JDFBRTAB.txt (text/plain) in CBT.V505.FILE353.PDS, moved to PDS/JDFBRTAB
2023-08-06 03:35:52.261251 - Found JDFDAHLP.txt (text/plain) in CBT.V505.FILE353.PDS, moved to PDS/JDFDAHLP
2023-08-06 03:35:52.262171 - Found JDFDATAB.txt (text/plain) in CBT.V505.FILE353.PDS, moved to PDS/JDFDATAB
2023-08-06 03:35:52.263053 - Found JDFDATB2.txt (text/plain) in CBT.V505.FILE353.PDS, moved to PDS/JDFDATB2
2023-08-06 03:35:52.263907 - Found JDFDDHLP.txt (text/plain) in CBT.V505.FILE353.PDS, moved to PDS/JDFDDHLP
2023-08-06 03:35:52.264794 - Found JDFDDTAB.txt (text/plain) in CBT.V505.FILE353.PDS, moved to PDS/JDFDDTAB
2023-08-06 03:35:52.265706 - Found JDFDSHLP.txt (text/plain) in CBT.V505.FILE353.PDS, moved to PDS/JDFDSHLP
2023-08-06 03:35:52.266595 - Found JDFDSTAB.txt (text/plain) in CBT.V505.FILE353.PDS, moved to PDS/JDFDSTAB
2023-08-06 03:35:52.267448 - Found JDFHELP.txt (text/plain) in CBT.V505.FILE353.PDS, moved to PDS/JDFHELP
2023-08-06 03:35:52.268297 - Found JDFHJOB.txt (text/plain) in CBT.V505.FILE353.PDS, moved to PDS/JDFHJOB
2023-08-06 03:35:52.269277 - Found JDFHOPT.txt (text/plain) in CBT.V505.FILE353.PDS, moved to PDS/JDFHOPT
2023-08-06 03:35:52.270211 - Found JDFMACS.txt (text/plain) in CBT.V505.FILE353.PDS, moved to PDS/JDFMACS
2023-08-06 03:35:52.271048 - Found JDFOPT.txt (text/plain) in CBT.V505.FILE353.PDS, moved to PDS/JDFOPT
2023-08-06 03:35:52.271848 - Found JDFPJOB.txt (text/plain) in CBT.V505.FILE353.PDS, moved to PDS/JDFPJOB
2023-08-06 03:35:52.272633 - Found JDFPOPT.txt (text/plain) in CBT.V505.FILE353.PDS, moved to PDS/JDFPOPT
2023-08-06 03:35:52.273527 - Found JDFREPR.txt (text/plain) in CBT.V505.FILE353.PDS, moved to PDS/JDFREPR
2023-08-06 03:35:52.274361 - Found JDFREPRH.txt (text/plain) in CBT.V505.FILE353.PDS, moved to PDS/JDFREPRH
2023-08-06 03:35:52.275181 - Found JDFRMT.txt (text/plain) in CBT.V505.FILE353.PDS, moved to PDS/JDFRMT
2023-08-06 03:35:52.275980 - Found JDFRMTH.txt (text/plain) in CBT.V505.FILE353.PDS, moved to PDS/JDFRMTH
2023-08-06 03:35:52.276837 - Found JDFRULES.txt (text/plain) in CBT.V505.FILE353.PDS, moved to PDS/JDFRULES
2023-08-06 03:35:52.277898 - Found JDFSVC.jcl (text/plain) in CBT.V505.FILE353.PDS, moved to PDS/JDFSVC
2023-08-06 03:35:52.278837 - Found JDFUSER.txt (text/plain) in CBT.V505.FILE353.PDS, moved to PDS/JDFUSER
2023-08-06 03:35:52.279941 - Found JDFXA.txt (text/plain) in CBT.V505.FILE353.PDS, moved to PDS/JDFXA
2023-08-06 03:35:52.280941 - Found JDF00.txt (text/plain) in CBT.V505.FILE353.PDS, moved to PDS/JDF00
2023-08-06 03:35:52.281944 - Found PAN.txt (text/plain) in CBT.V505.FILE353.PDS, moved to PDS/PAN
2023-08-06 03:35:52.282895 - Found PLF$.txt (text/plain) in CBT.V505.FILE353.PDS, moved to PDS/PLF$
2023-08-06 03:35:52.283707 - Found PLFH1.txt (text/plain) in CBT.V505.FILE353.PDS, moved to PDS/PLFH1
2023-08-06 03:35:52.284481 - Found PLFH2.txt (text/plain) in CBT.V505.FILE353.PDS, moved to PDS/PLFH2
2023-08-06 03:35:52.285303 - Found PLFH3.txt (text/plain) in CBT.V505.FILE353.PDS, moved to PDS/PLFH3
2023-08-06 03:35:52.286087 - Found PLFP1.txt (text/plain) in CBT.V505.FILE353.PDS, moved to PDS/PLFP1
2023-08-06 03:35:52.287095 - Found PLFP2.txt (text/plain) in CBT.V505.FILE353.PDS, moved to PDS/PLFP2
2023-08-06 03:35:52.287896 - Found PLF00.txt (text/plain) in CBT.V505.FILE353.PDS, moved to PDS/PLF00
2023-08-06 03:35:52.288700 - Found PLF1P1.txt (text/plain) in CBT.V505.FILE353.PDS, moved to PDS/PLF1P1
2023-08-06 03:35:52.289579 - Found PLF2P2.txt (text/plain) in CBT.V505.FILE353.PDS, moved to PDS/PLF2P2
2023-08-06 03:35:52.290553 - Found PLF3.jcl (text/plain) in CBT.V505.FILE353.PDS, moved to PDS/PLF3
2023-08-06 03:35:52.291468 - Found PLF3H1.txt (text/plain) in CBT.V505.FILE353.PDS, moved to PDS/PLF3H1
2023-08-06 03:35:52.292278 - Found PLF3H2.txt (text/plain) in CBT.V505.FILE353.PDS, moved to PDS/PLF3H2
2023-08-06 03:35:52.293094 - Found PLF3P1.txt (text/plain) in CBT.V505.FILE353.PDS, moved to PDS/PLF3P1
2023-08-06 03:35:52.293992 - Found PLF3P2.txt (text/plain) in CBT.V505.FILE353.PDS, moved to PDS/PLF3P2
2023-08-06 03:35:52.294883 - Found PLF3P3.txt (text/plain) in CBT.V505.FILE353.PDS, moved to PDS/PLF3P3
2023-08-06 03:35:52.295829 - Found PLF3XWRK.txt (text/plain) in CBT.V505.FILE353.PDS, moved to PDS/PLF3XWRK
2023-08-06 03:35:52.296739 - Found PSCBWORK.txt (text/plain) in CBT.V505.FILE353.PDS, moved to PDS/PSCBWORK
2023-08-06 03:35:52.297709 - Found QSAMGET.jcl (text/plain) in CBT.V505.FILE353.PDS, moved to PDS/QSAMGET
2023-08-06 03:35:52.298546 - Found QSAMPUT.jcl (text/plain) in CBT.V505.FILE353.PDS, moved to PDS/QSAMPUT
2023-08-06 03:35:52.299352 - Found REGS.txt (text/plain) in CBT.V505.FILE353.PDS, moved to PDS/REGS
2023-08-06 03:35:52.300142 - Found SMBH1.txt (text/plain) in CBT.V505.FILE353.PDS, moved to PDS/SMBH1
2023-08-06 03:35:52.300932 - Found SMBP1.txt (text/plain) in CBT.V505.FILE353.PDS, moved to PDS/SMBP1
2023-08-06 03:35:52.301991 - Found SMBROWSE.txt (text/plain) in CBT.V505.FILE353.PDS, moved to PDS/SMBROWSE
2023-08-06 03:35:52.302851 - Found SMB00.txt (text/plain) in CBT.V505.FILE353.PDS, moved to PDS/SMB00
2023-08-06 03:35:52.303776 - Found SPFMACS.txt (text/plain) in CBT.V505.FILE353.PDS, moved to PDS/SPFMACS
2023-08-06 03:35:52.304602 - Found SRMMACS.txt (text/plain) in CBT.V505.FILE353.PDS, moved to PDS/SRMMACS
2023-08-06 03:35:52.305428 - Found TCBUVTAM.txt (text/plain) in CBT.V505.FILE353.PDS, moved to PDS/TCBUVTAM
2023-08-06 03:35:52.306341 - Found TCBWORK.txt (text/plain) in CBT.V505.FILE353.PDS, moved to PDS/TCBWORK
2023-08-06 03:35:52.307258 - Found TIMEROU.txt (text/plain) in CBT.V505.FILE353.PDS, moved to PDS/TIMEROU
2023-08-06 03:35:52.308182 - Found VDF.jcl (text/plain) in CBT.V505.FILE353.PDS, moved to PDS/VDF
2023-08-06 03:35:52.309013 - Found VDF$.txt (text/plain) in CBT.V505.FILE353.PDS, moved to PDS/VDF$
2023-08-06 03:35:52.309931 - Found VDFDATAB.txt (text/plain) in CBT.V505.FILE353.PDS, moved to PDS/VDFDATAB
2023-08-06 03:35:52.310780 - Found VDFHELP.txt (text/plain) in CBT.V505.FILE353.PDS, moved to PDS/VDFHELP
2023-08-06 03:35:52.311580 - Found VIODSECT.txt (text/plain) in CBT.V505.FILE353.PDS, moved to PDS/VIODSECT
2023-08-06 03:35:52.312397 - Found VIOEQU.txt (text/plain) in CBT.V505.FILE353.PDS, moved to PDS/VIOEQU
2023-08-06 03:35:52.313357 - Found XDF.txt (text/plain) in CBT.V505.FILE353.PDS, moved to PDS/XDF
2023-08-06 03:35:52.314307 - Found XDF$.txt (text/plain) in CBT.V505.FILE353.PDS, moved to PDS/XDF$
2023-08-06 03:35:52.315177 - Found XDFASM.jcl (text/plain) in CBT.V505.FILE353.PDS, moved to PDS/XDFASM
2023-08-06 03:35:52.315996 - Found XDFDATAB.txt (text/plain) in CBT.V505.FILE353.PDS, moved to PDS/XDFDATAB
2023-08-06 03:35:52.316831 - Found XDFHELP.txt (text/plain) in CBT.V505.FILE353.PDS, moved to PDS/XDFHELP
2023-08-06 03:35:52.317767 - Found XDFHELP1.txt (text/plain) in CBT.V505.FILE353.PDS, moved to PDS/XDFHELP1
2023-08-06 03:35:52.318660 - Found XDFHELP2.txt (text/plain) in CBT.V505.FILE353.PDS, moved to PDS/XDFHELP2
2023-08-06 03:35:52.319536 - Found XDFHELP3.txt (text/plain) in CBT.V505.FILE353.PDS, moved to PDS/XDFHELP3
2023-08-06 03:35:52.320376 - Found ZDOCPRT.jcl (text/plain) in CBT.V505.FILE353.PDS, moved to PDS/ZDOCPRT
